[app] time 18:32:46 | 推論サーバーを起動しました
[app] time 18:32:46 | 推論サーバーを起動しました
[app] time 18:32:47 | 推論サーバーを起動しました
2021-07-14 18:32:52 INFO _health START args=() kwds={}
2021-07-14 18:32:52 INFO _health END elapsed_time [ms]=0.71311, return {'health': 'ok'}
2021-07-14 18:32:52 INFO _health START args=() kwds={}
2021-07-14 18:32:52 INFO _health END elapsed_time [ms]=0.70119, return {'health': 'ok'}
2021-07-14 18:32:52 INFO _health START args=() kwds={}
2021-07-14 18:32:52 INFO _health END elapsed_time [ms]=0.82064, return {'health': 'ok'}
[app] time 18:34:11 | 推論サーバーを起動しました
[app] time 18:34:11 | 推論サーバーを起動しました
[app] time 18:34:11 | 推論サーバーを起動しました
2021-07-14 18:34:16 INFO _health START args=() kwds={}
2021-07-14 18:34:16 INFO _health END elapsed_time [ms]=0.76938, return {'health': 'ok'}
2021-07-14 18:34:16 INFO _health START args=() kwds={}
2021-07-14 18:34:16 INFO _health END elapsed_time [ms]=1.94430, return {'health': 'ok'}
2021-07-14 18:34:16 INFO _health START args=() kwds={}
2021-07-14 18:34:16 INFO _health END elapsed_time [ms]=1.08957, return {'health': 'ok'}
2021-07-14 18:34:17 INFO _health START args=() kwds={}
2021-07-14 18:34:17 INFO _health END elapsed_time [ms]=0.83399, return {'health': 'ok'}
2021-07-14 18:34:17 INFO _health START args=() kwds={}
2021-07-14 18:34:17 INFO _health END elapsed_time [ms]=0.76270, return {'health': 'ok'}
2021-07-14 18:34:17 INFO _health START args=() kwds={}
2021-07-14 18:34:17 INFO _health END elapsed_time [ms]=0.84829, return {'health': 'ok'}
[app] time 18:34:38 | 推論サーバーを起動しました
[app] time 18:34:38 | 推論サーバーを起動しました
[app] time 18:34:38 | 推論サーバーを起動しました
2021-07-14 18:34:43 INFO _health START args=() kwds={}
2021-07-14 18:34:43 INFO _health END elapsed_time [ms]=1.97792, return {'health': 'ok'}
2021-07-14 18:34:43 INFO _health START args=() kwds={}
2021-07-14 18:34:43 INFO _health END elapsed_time [ms]=0.89049, return {'health': 'ok'}
2021-07-14 18:34:43 INFO _health START args=() kwds={}
2021-07-14 18:34:43 INFO _health END elapsed_time [ms]=0.71812, return {'health': 'ok'}
2021-07-14 18:34:43 INFO _health START args=() kwds={}
2021-07-14 18:34:43 INFO _health END elapsed_time [ms]=0.67830, return {'health': 'ok'}
2021-07-14 18:34:43 INFO _health START args=() kwds={}
2021-07-14 18:34:43 INFO _health END elapsed_time [ms]=0.55146, return {'health': 'ok'}
2021-07-14 18:34:43 INFO _health START args=() kwds={}
2021-07-14 18:34:43 INFO _health END elapsed_time [ms]=0.59795, return {'health': 'ok'}
[app] time 18:35:56 | 推論サーバーを起動しました
[app] time 18:35:56 | 推論サーバーを起動しました
[app] time 18:35:56 | 推論サーバーを起動しました
2021-07-14 18:36:01 INFO _health START args=() kwds={}
2021-07-14 18:36:01 INFO _health END elapsed_time [ms]=1.92356, return {'health': 'ok'}
2021-07-14 18:36:01 INFO _health START args=() kwds={}
2021-07-14 18:36:01 INFO _health END elapsed_time [ms]=0.87500, return {'health': 'ok'}
2021-07-14 18:36:01 INFO _health START args=() kwds={}
2021-07-14 18:36:01 INFO _health END elapsed_time [ms]=0.67115, return {'health': 'ok'}
2021-07-14 18:36:02 INFO _health START args=() kwds={}
2021-07-14 18:36:02 INFO _health END elapsed_time [ms]=0.72813, return {'health': 'ok'}
2021-07-14 18:36:02 INFO _health START args=() kwds={}
2021-07-14 18:36:02 INFO _health END elapsed_time [ms]=0.77605, return {'health': 'ok'}
2021-07-14 18:36:02 INFO _health START args=() kwds={}
2021-07-14 18:36:02 INFO _health END elapsed_time [ms]=0.83518, return {'health': 'ok'}
[app] time 18:36:20 | 推論サーバーを起動しました
[app] time 18:36:20 | 推論サーバーを起動しました
[app] time 18:36:20 | 推論サーバーを起動しました
2021-07-14 18:36:25 INFO _health START args=() kwds={}
2021-07-14 18:36:25 INFO _health END elapsed_time [ms]=0.98038, return {'health': 'ok'}
2021-07-14 18:36:25 INFO _health START args=() kwds={}
2021-07-14 18:36:25 INFO _health END elapsed_time [ms]=0.93126, return {'health': 'ok'}
2021-07-14 18:36:25 INFO _health START args=() kwds={}
2021-07-14 18:36:25 INFO _health END elapsed_time [ms]=1.35350, return {'health': 'ok'}
2021-07-14 18:36:26 INFO _health START args=() kwds={}
2021-07-14 18:36:26 INFO _health END elapsed_time [ms]=0.60296, return {'health': 'ok'}
2021-07-14 18:36:26 INFO _health START args=() kwds={}
2021-07-14 18:36:26 INFO _health END elapsed_time [ms]=0.58603, return {'health': 'ok'}
2021-07-14 18:36:26 INFO _health START args=() kwds={}
2021-07-14 18:36:26 INFO _health END elapsed_time [ms]=0.51379, return {'health': 'ok'}
[app] time 18:37:53 | 推論サーバーを起動しました
[app] time 18:37:53 | 推論サーバーを起動しました
[app] time 18:37:53 | 推論サーバーを起動しました
2021-07-14 18:37:58 INFO _health START args=() kwds={}
2021-07-14 18:37:58 INFO _health END elapsed_time [ms]=1.23835, return {'health': 'ok'}
2021-07-14 18:37:58 INFO _health START args=() kwds={}
2021-07-14 18:37:58 INFO _health END elapsed_time [ms]=1.27792, return {'health': 'ok'}
2021-07-14 18:37:58 INFO _health START args=() kwds={}
2021-07-14 18:37:58 INFO _health END elapsed_time [ms]=0.87500, return {'health': 'ok'}
2021-07-14 18:37:59 INFO _health START args=() kwds={}
2021-07-14 18:37:59 INFO _health END elapsed_time [ms]=0.65899, return {'health': 'ok'}
2021-07-14 18:37:59 INFO _health START args=() kwds={}
2021-07-14 18:37:59 INFO _health END elapsed_time [ms]=0.65446, return {'health': 'ok'}
2021-07-14 18:37:59 INFO _health START args=() kwds={}
2021-07-14 18:37:59 INFO _health END elapsed_time [ms]=0.52905, return {'health': 'ok'}
[app] time 18:40:01 | 推論サーバーを起動しました
[app] time 18:40:01 | 推論サーバーを起動しました
[app] time 18:40:01 | 推論サーバーを起動しました
2021-07-14 18:40:06 INFO _health START args=() kwds={}
2021-07-14 18:40:06 INFO _health END elapsed_time [ms]=1.25623, return {'health': 'ok'}
2021-07-14 18:40:06 INFO _health START args=() kwds={}
2021-07-14 18:40:06 INFO _health END elapsed_time [ms]=0.81539, return {'health': 'ok'}
2021-07-14 18:40:06 INFO _health START args=() kwds={}
2021-07-14 18:40:06 INFO _health END elapsed_time [ms]=0.82874, return {'health': 'ok'}
2021-07-14 18:40:07 INFO _health START args=() kwds={}
2021-07-14 18:40:07 INFO _health END elapsed_time [ms]=0.83041, return {'health': 'ok'}
2021-07-14 18:40:07 INFO _health START args=() kwds={}
2021-07-14 18:40:07 INFO _health END elapsed_time [ms]=0.58341, return {'health': 'ok'}
2021-07-14 18:40:07 INFO _health START args=() kwds={}
2021-07-14 18:40:07 INFO _health END elapsed_time [ms]=0.59795, return {'health': 'ok'}
[app] time 18:40:40 | 推論サーバーを起動しました
[app] time 18:40:40 | 推論サーバーを起動しました
[app] time 18:40:40 | 推論サーバーを起動しました
2021-07-14 18:40:45 INFO _health START args=() kwds={}
2021-07-14 18:40:45 INFO _health END elapsed_time [ms]=0.60558, return {'health': 'ok'}
2021-07-14 18:40:45 INFO _health START args=() kwds={}
2021-07-14 18:40:45 INFO _health END elapsed_time [ms]=0.59557, return {'health': 'ok'}
2021-07-14 18:40:45 INFO _health START args=() kwds={}
2021-07-14 18:40:45 INFO _health END elapsed_time [ms]=0.54145, return {'health': 'ok'}
2021-07-14 18:40:45 INFO _health START args=() kwds={}
2021-07-14 18:40:45 INFO _health END elapsed_time [ms]=1.20473, return {'health': 'ok'}
2021-07-14 18:40:45 INFO _health START args=() kwds={}
2021-07-14 18:40:45 INFO _health END elapsed_time [ms]=0.59104, return {'health': 'ok'}
2021-07-14 18:40:45 INFO _health START args=() kwds={}
2021-07-14 18:40:45 INFO _health END elapsed_time [ms]=0.48232, return {'health': 'ok'}
2021-07-14 18:40:46 INFO predict START job_id=35954e
2021-07-14 18:40:46 INFO predict END job_id=35954e, elapsed_time [ms]=418.82896
2021-07-14 18:40:46 INFO predict START job_id=425837
2021-07-14 18:40:46 INFO predict END job_id=425837, elapsed_time [ms]=254.00734
2021-07-14 18:40:46 INFO predict START job_id=a02a1d
2021-07-14 18:40:47 INFO predict END job_id=a02a1d, elapsed_time [ms]=932.76978
2021-07-14 18:40:48 INFO predict START job_id=1ac2b3
2021-07-14 18:40:48 INFO predict END job_id=1ac2b3, elapsed_time [ms]=337.36396
2021-07-14 18:40:48 INFO predict START job_id=c9b397
2021-07-14 18:40:48 INFO predict END job_id=c9b397, elapsed_time [ms]=326.68996
[app] time 19:06:50 | 推論サーバーを起動しました
[app] time 19:06:50 | 推論サーバーを起動しました
[app] time 19:06:50 | 推論サーバーを起動しました
[app] time 19:15:39 | 推論サーバーを起動しました
[app] time 19:40:51 | 推論サーバーを起動しました
[app] time 19:57:07 | 推論サーバーを起動しました
[app] time 00:00:16 | 推論サーバーを起動しました
[app] time 00:00:16 | 推論サーバーを起動しました
[app] time 00:00:16 | 推論サーバーを起動しました
[app] time 02:00:42 | 推論サーバーを起動しました
[app] time 06:01:08 | 推論サーバーを起動しました
[app] time 06:01:08 | 推論サーバーを起動しました
[app] time 06:01:08 | 推論サーバーを起動しました
[app] time 07:33:00 | 推論サーバーを起動しました
[app] time 07:33:00 | 推論サーバーを起動しました
[app] time 10:34:58 | 推論サーバーを起動しました
[app] time 10:34:58 | 推論サーバーを起動しました
[app] time 10:53:49 | 推論サーバーを起動しました
[app] time 10:53:49 | 推論サーバーを起動しました
[app] time 12:54:24 | 推論サーバーを起動しました
[app] time 08:00:09 | 推論サーバーを起動しました
[app] time 22:15:20 | 推論サーバーを起動しました
[app] time 22:15:20 | 推論サーバーを起動しました
[app] time 10:27:38 | 推論サーバーを起動しました
[app] time 10:27:39 | 推論サーバーを起動しました
[app] time 10:27:39 | 推論サーバーを起動しました
[app] time 10:46:15 | 推論サーバーを起動しました
[app] time 13:09:54 | 推論サーバーを起動しました
[app] time 13:09:54 | 推論サーバーを起動しました
[app] time 13:09:54 | 推論サーバーを起動しました
[app] time 14:33:56 | 推論サーバーを起動しました
[app] time 14:33:56 | 推論サーバーを起動しました
[app] time 14:33:56 | 推論サーバーを起動しました
[app] time 14:35:15 | 推論サーバーを起動しました
[app] time 14:35:15 | 推論サーバーを起動しました
[app] time 14:35:19 | 推論サーバーを起動しました
2021-07-17 14:35:24 INFO _health START args=() kwds={}
2021-07-17 14:35:24 INFO _health END elapsed_time [ms]=1.00708, return {'health': 'ok'}
2021-07-17 14:35:24 INFO _health START args=() kwds={}
2021-07-17 14:35:24 INFO _health END elapsed_time [ms]=0.80132, return {'health': 'ok'}
2021-07-17 14:35:24 INFO predict START job_id=b03efe
2021-07-17 14:35:24 INFO predict END job_id=b03efe, elapsed_time [ms]=373.23785
2021-07-17 14:35:25 INFO predict START job_id=f95dc5
2021-07-17 14:35:25 INFO predict END job_id=f95dc5, elapsed_time [ms]=265.35392
2021-07-17 14:35:25 INFO predict START job_id=7f91ba
2021-07-17 14:35:26 INFO predict END job_id=7f91ba, elapsed_time [ms]=956.18963
2021-07-17 14:35:26 INFO predict START job_id=481cc2
2021-07-17 14:35:26 INFO predict END job_id=481cc2, elapsed_time [ms]=283.62393
2021-07-17 14:35:27 INFO predict START job_id=859cf0
2021-07-17 14:35:27 INFO predict END job_id=859cf0, elapsed_time [ms]=221.28487
2021-07-17 14:35:27 INFO _health START args=() kwds={}
2021-07-17 14:35:27 INFO _health END elapsed_time [ms]=0.58460, return {'health': 'ok'}
2021-07-17 14:35:27 INFO predict START job_id=0a7e5f
2021-07-17 14:35:28 INFO predict END job_id=0a7e5f, elapsed_time [ms]=356.00734
2021-07-17 14:35:28 INFO predict START job_id=1567ad
2021-07-17 14:35:28 INFO predict END job_id=1567ad, elapsed_time [ms]=208.62460
2021-07-17 14:35:28 INFO predict START job_id=63b8dd
2021-07-17 14:35:29 INFO predict END job_id=63b8dd, elapsed_time [ms]=896.60263
2021-07-17 14:35:29 INFO predict START job_id=f61760
2021-07-17 14:35:29 INFO predict END job_id=f61760, elapsed_time [ms]=265.09595
2021-07-17 14:35:30 INFO predict START job_id=833060
2021-07-17 14:35:30 INFO predict END job_id=833060, elapsed_time [ms]=219.51342
2021-07-17 14:35:30 INFO _health START args=() kwds={}
2021-07-17 14:35:30 INFO _health END elapsed_time [ms]=0.64659, return {'health': 'ok'}
2021-07-17 14:35:30 INFO predict START job_id=3a2697
2021-07-17 14:35:31 INFO predict END job_id=3a2697, elapsed_time [ms]=465.08408
2021-07-17 14:35:31 INFO predict START job_id=472612
2021-07-17 14:35:31 INFO predict END job_id=472612, elapsed_time [ms]=201.66683
2021-07-17 14:35:31 INFO predict START job_id=ff7b13
2021-07-17 14:35:32 INFO predict END job_id=ff7b13, elapsed_time [ms]=876.90616
2021-07-17 14:35:32 INFO predict START job_id=48ddd6
2021-07-17 14:35:33 INFO predict END job_id=48ddd6, elapsed_time [ms]=252.15769
2021-07-17 14:35:33 INFO predict START job_id=d51143
2021-07-17 14:35:33 INFO predict END job_id=d51143, elapsed_time [ms]=215.73162
[app] time 15:15:59 | 推論サーバーを起動しました
[app] time 15:15:59 | 推論サーバーを起動しました
2021-07-17 15:16:05 INFO _health START args=() kwds={}
2021-07-17 15:16:05 INFO _health END elapsed_time [ms]=0.70310, return {'health': 'ok'}
2021-07-17 15:16:05 INFO _health START args=() kwds={}
2021-07-17 15:16:05 INFO _health END elapsed_time [ms]=0.58675, return {'health': 'ok'}
2021-07-17 15:16:05 INFO predict START job_id=fa064d
2021-07-17 15:16:06 INFO predict END job_id=fa064d, elapsed_time [ms]=669.90924
2021-07-17 15:16:06 INFO predict START job_id=8ed245
2021-07-17 15:16:06 INFO predict END job_id=8ed245, elapsed_time [ms]=212.78811
2021-07-17 15:16:06 INFO predict START job_id=a289aa
2021-07-17 15:16:07 INFO predict END job_id=a289aa, elapsed_time [ms]=824.15533
2021-07-17 15:16:07 INFO predict START job_id=c896a1
2021-07-17 15:16:07 INFO predict END job_id=c896a1, elapsed_time [ms]=253.35193
2021-07-17 15:16:08 INFO predict START job_id=598839
2021-07-17 15:16:08 INFO predict END job_id=598839, elapsed_time [ms]=213.36246
2021-07-17 15:16:08 INFO _health START args=() kwds={}
2021-07-17 15:16:08 INFO _health END elapsed_time [ms]=0.93341, return {'health': 'ok'}
2021-07-17 15:16:08 INFO predict START job_id=c7b148
2021-07-17 15:16:09 INFO predict END job_id=c7b148, elapsed_time [ms]=326.10035
2021-07-17 15:16:09 INFO predict START job_id=37f57d
2021-07-17 15:16:09 INFO predict END job_id=37f57d, elapsed_time [ms]=200.03486
2021-07-17 15:16:09 INFO predict START job_id=2aa339
2021-07-17 15:16:10 INFO predict END job_id=2aa339, elapsed_time [ms]=850.77143
2021-07-17 15:16:10 INFO predict START job_id=163dc4
2021-07-17 15:16:10 INFO predict END job_id=163dc4, elapsed_time [ms]=301.67270
2021-07-17 15:16:11 INFO predict START job_id=c077ae
2021-07-17 15:16:11 INFO predict END job_id=c077ae, elapsed_time [ms]=303.98440
[app] time 15:27:56 | 推論サーバーを起動しました
[app] time 15:27:56 | 推論サーバーを起動しました
2021-07-17 15:28:02 INFO _health START args=() kwds={}
2021-07-17 15:28:02 INFO _health END elapsed_time [ms]=1.35517, return {'health': 'ok'}
2021-07-17 15:28:02 INFO _health START args=() kwds={}
2021-07-17 15:28:02 INFO _health END elapsed_time [ms]=0.87237, return {'health': 'ok'}
2021-07-17 15:28:03 INFO predict START job_id=a463f5
2021-07-17 15:28:03 INFO predict END job_id=a463f5, elapsed_time [ms]=417.82260
2021-07-17 15:28:03 INFO predict START job_id=9ddc3d
2021-07-17 15:28:03 INFO predict END job_id=9ddc3d, elapsed_time [ms]=203.11475
2021-07-17 15:28:03 INFO predict START job_id=12ed29
2021-07-17 15:28:04 INFO predict END job_id=12ed29, elapsed_time [ms]=844.76161
2021-07-17 15:28:04 INFO predict START job_id=1852bf
2021-07-17 15:28:05 INFO predict END job_id=1852bf, elapsed_time [ms]=254.37021
2021-07-17 15:28:05 INFO predict START job_id=a01570
2021-07-17 15:28:05 INFO predict END job_id=a01570, elapsed_time [ms]=332.00407
2021-07-17 15:28:06 INFO _health START args=() kwds={}
2021-07-17 15:28:06 INFO _health END elapsed_time [ms]=0.63086, return {'health': 'ok'}
2021-07-17 15:28:06 INFO predict START job_id=206db5
2021-07-17 15:28:06 INFO predict END job_id=206db5, elapsed_time [ms]=438.94482
2021-07-17 15:28:06 INFO predict START job_id=99997a
2021-07-17 15:28:07 INFO predict END job_id=99997a, elapsed_time [ms]=225.13485
2021-07-17 15:28:07 INFO predict START job_id=651a4c
2021-07-17 15:28:08 INFO predict END job_id=651a4c, elapsed_time [ms]=866.01377
2021-07-17 15:28:08 INFO predict START job_id=fe7c86
2021-07-17 15:28:08 INFO predict END job_id=fe7c86, elapsed_time [ms]=300.32563
2021-07-17 15:28:08 INFO predict START job_id=6b50a0
2021-07-17 15:28:08 INFO predict END job_id=6b50a0, elapsed_time [ms]=211.07364
[app] time 15:30:35 | 推論サーバーを起動しました
[app] time 15:30:35 | 推論サーバーを起動しました
2021-07-17 15:30:40 INFO _health START args=() kwds={}
2021-07-17 15:30:40 INFO _health END elapsed_time [ms]=0.84710, return {'health': 'ok'}
2021-07-17 15:30:40 INFO _health START args=() kwds={}
2021-07-17 15:30:40 INFO _health END elapsed_time [ms]=0.61321, return {'health': 'ok'}
2021-07-17 15:30:40 INFO predict START job_id=a2c676
2021-07-17 15:30:41 INFO predict END job_id=a2c676, elapsed_time [ms]=27.11773
2021-07-17 15:30:41 INFO predict START job_id=eef4a9
2021-07-17 15:30:41 INFO predict END job_id=eef4a9, elapsed_time [ms]=6.57129
2021-07-17 15:30:41 INFO predict START job_id=3144b1
2021-07-17 15:30:41 INFO predict END job_id=3144b1, elapsed_time [ms]=6.84810
2021-07-17 15:30:41 INFO predict START job_id=89c4e4
2021-07-17 15:30:41 INFO predict END job_id=89c4e4, elapsed_time [ms]=6.42347
2021-07-17 15:30:41 INFO predict START job_id=fc1c80
2021-07-17 15:30:41 INFO predict END job_id=fc1c80, elapsed_time [ms]=6.52385
2021-07-17 15:30:41 INFO _health START args=() kwds={}
2021-07-17 15:30:41 INFO _health END elapsed_time [ms]=0.74005, return {'health': 'ok'}
2021-07-17 15:30:42 INFO predict START job_id=52ad4a
2021-07-17 15:30:42 INFO predict END job_id=52ad4a, elapsed_time [ms]=19.61923
2021-07-17 15:30:42 INFO predict START job_id=b41ec6
2021-07-17 15:30:42 INFO predict END job_id=b41ec6, elapsed_time [ms]=7.40170
2021-07-17 15:30:42 INFO predict START job_id=bed7cf
2021-07-17 15:30:42 INFO predict END job_id=bed7cf, elapsed_time [ms]=6.93464
2021-07-17 15:30:42 INFO predict START job_id=68eaac
2021-07-17 15:30:42 INFO predict END job_id=68eaac, elapsed_time [ms]=7.32803
2021-07-17 15:30:42 INFO predict START job_id=75e576
2021-07-17 15:30:42 INFO predict END job_id=75e576, elapsed_time [ms]=8.40330
2021-07-17 15:37:16 INFO _health START args=() kwds={}
2021-07-17 15:37:16 INFO _health END elapsed_time [ms]=0.73075, return {'health': 'ok'}
[app] time 16:49:41 | 推論サーバーを起動しました
[app] time 16:49:41 | 推論サーバーを起動しました
2021-07-17 16:49:47 INFO _health START args=() kwds={}
2021-07-17 16:49:47 INFO _health END elapsed_time [ms]=2.02656, return {'health': 'ok'}
2021-07-17 16:49:47 INFO _health START args=() kwds={}
2021-07-17 16:49:47 INFO _health END elapsed_time [ms]=0.79226, return {'health': 'ok'}
2021-07-17 16:49:47 INFO predict START job_id=467d80
2021-07-17 16:49:48 INFO predict END job_id=467d80, elapsed_time [ms]=419.99769
2021-07-17 16:49:48 INFO predict START job_id=73030b
2021-07-17 16:49:48 INFO predict END job_id=73030b, elapsed_time [ms]=214.51902
2021-07-17 16:49:48 INFO predict START job_id=c7be7c
2021-07-17 16:49:49 INFO predict END job_id=c7be7c, elapsed_time [ms]=770.62583
2021-07-17 16:49:49 INFO predict START job_id=9a1402
2021-07-17 16:49:49 INFO predict END job_id=9a1402, elapsed_time [ms]=259.00102
2021-07-17 16:49:50 INFO predict START job_id=7b38ad
2021-07-17 16:49:50 INFO predict END job_id=7b38ad, elapsed_time [ms]=268.44192
2021-07-17 16:49:50 INFO _health START args=() kwds={}
2021-07-17 16:49:50 INFO _health END elapsed_time [ms]=0.61536, return {'health': 'ok'}
2021-07-17 16:49:50 INFO predict START job_id=cfb604
2021-07-17 16:49:51 INFO predict END job_id=cfb604, elapsed_time [ms]=510.12826
2021-07-17 16:49:51 INFO predict START job_id=804e10
2021-07-17 16:49:51 INFO predict END job_id=804e10, elapsed_time [ms]=311.00249
2021-07-17 16:49:51 INFO predict START job_id=d144b5
2021-07-17 16:49:53 INFO predict END job_id=d144b5, elapsed_time [ms]=1755.92566
2021-07-17 16:49:53 INFO predict START job_id=21a1e6
2021-07-17 16:49:54 INFO predict END job_id=21a1e6, elapsed_time [ms]=412.66227
2021-07-17 16:49:54 INFO predict START job_id=ea3acd
2021-07-17 16:49:54 INFO predict END job_id=ea3acd, elapsed_time [ms]=557.91855
[app] time 16:50:34 | 推論サーバーを起動しました
[app] time 16:50:34 | 推論サーバーを起動しました
2021-07-17 16:50:40 INFO _health START args=() kwds={}
2021-07-17 16:50:40 INFO _health END elapsed_time [ms]=0.76985, return {'health': 'ok'}
2021-07-17 16:50:40 INFO _health START args=() kwds={}
2021-07-17 16:50:40 INFO _health END elapsed_time [ms]=0.68307, return {'health': 'ok'}
2021-07-17 16:50:40 INFO predict START job_id=e91a41
2021-07-17 16:50:41 INFO predict END job_id=e91a41, elapsed_time [ms]=324.73111
2021-07-17 16:50:41 INFO predict START job_id=b843bb
2021-07-17 16:50:41 INFO predict END job_id=b843bb, elapsed_time [ms]=104.83599
2021-07-17 16:50:41 INFO predict START job_id=38408b
2021-07-17 16:50:41 INFO predict END job_id=38408b, elapsed_time [ms]=230.76582
2021-07-17 16:50:41 INFO predict START job_id=4846b4
2021-07-17 16:50:41 INFO predict END job_id=4846b4, elapsed_time [ms]=135.54835
2021-07-17 16:50:42 INFO predict START job_id=bb7628
2021-07-17 16:50:42 INFO predict END job_id=bb7628, elapsed_time [ms]=97.35560
2021-07-17 16:50:42 INFO _health START args=() kwds={}
2021-07-17 16:50:42 INFO _health END elapsed_time [ms]=0.55385, return {'health': 'ok'}
2021-07-17 16:50:42 INFO predict START job_id=a7b324
2021-07-17 16:50:43 INFO predict END job_id=a7b324, elapsed_time [ms]=504.80103
2021-07-17 16:50:43 INFO predict START job_id=02a445
2021-07-17 16:50:43 INFO predict END job_id=02a445, elapsed_time [ms]=361.94754
2021-07-17 16:50:43 INFO predict START job_id=519f70
2021-07-17 16:50:45 INFO predict END job_id=519f70, elapsed_time [ms]=1710.95228
2021-07-17 16:50:45 INFO predict START job_id=a72beb
2021-07-17 16:50:46 INFO predict END job_id=a72beb, elapsed_time [ms]=413.77544
2021-07-17 16:50:46 INFO predict START job_id=df6b81
2021-07-17 16:50:46 INFO predict END job_id=df6b81, elapsed_time [ms]=362.66160
[app] time 17:14:39 | 推論サーバーを起動しました
[app] time 17:14:39 | 推論サーバーを起動しました
[app] time 17:30:54 | 推論サーバーを起動しました
[app] time 17:30:54 | 推論サーバーを起動しました
[app] time 18:00:53 | 推論サーバーを起動しました
[app] time 22:15:55 | 推論サーバーを起動しました
[app] time 22:15:55 | 推論サーバーを起動しました
[app] time 23:11:15 | 推論サーバーを起動しました
[app] time 23:11:15 | 推論サーバーを起動しました
[app] time 23:19:58 | 推論サーバーを起動しました
[app] time 23:19:58 | 推論サーバーを起動しました
[app] time 23:58:14 | 推論サーバーを起動しました
[app] time 23:58:14 | 推論サーバーを起動しました
[app] time 03:06:39 | 推論サーバーを起動しました
[app] time 03:06:39 | 推論サーバーを起動しました
[app] time 03:26:21 | 推論サーバーを起動しました
[app] time 05:27:17 | 推論サーバーを起動しました
[app] time 09:32:02 | 推論サーバーを起動しました
[app] time 11:32:57 | 推論サーバーを起動しました
[app] time 11:32:57 | 推論サーバーを起動しました
[app] time 13:21:58 | 推論サーバーを起動しました
[app] time 13:21:58 | 推論サーバーを起動しました
[app] time 13:49:51 | 推論サーバーを起動しました
[app] time 12:18:23 | 推論サーバーを起動しました
[app] time 12:18:23 | 推論サーバーを起動しました
[app] time 12:18:45 | 推論サーバーを起動しました
[app] time 12:18:45 | 推論サーバーを起動しました
[app] time 12:21:16 | 推論サーバーを起動しました
[app] time 12:21:16 | 推論サーバーを起動しました
2021-07-24 12:21:22 INFO _health START args=() kwds={}
2021-07-24 12:21:22 INFO _health END elapsed_time [ms]=0.85139, return {'health': 'ok'}
2021-07-24 12:21:22 INFO _health START args=() kwds={}
2021-07-24 12:21:22 INFO _health END elapsed_time [ms]=0.77844, return {'health': 'ok'}
2021-07-24 12:21:22 INFO _health START args=() kwds={}
2021-07-24 12:21:22 INFO _health END elapsed_time [ms]=1.15037, return {'health': 'ok'}
2021-07-24 12:21:22 INFO _health START args=() kwds={}
2021-07-24 12:21:22 INFO _health END elapsed_time [ms]=1.00303, return {'health': 'ok'}
2021-07-24 12:21:22 INFO predict START job_id=ec6799
2021-07-24 12:21:23 INFO predict END job_id=ec6799, elapsed_time [ms]=333.18806
2021-07-24 12:21:23 INFO predict START job_id=3ec802
2021-07-24 12:21:23 INFO predict END job_id=3ec802, elapsed_time [ms]=111.22131
2021-07-24 12:21:23 INFO predict START job_id=c944a8
2021-07-24 12:21:23 INFO predict END job_id=c944a8, elapsed_time [ms]=294.68966
2021-07-24 12:21:24 INFO predict START job_id=5f89d6
2021-07-24 12:21:24 INFO predict END job_id=5f89d6, elapsed_time [ms]=186.17034
2021-07-24 12:21:24 INFO predict START job_id=2ab8d6
2021-07-24 12:21:24 INFO predict END job_id=2ab8d6, elapsed_time [ms]=86.50231
[app] time 12:27:46 | 推論サーバーを起動しました
[app] time 12:27:46 | 推論サーバーを起動しました
